Determining if the pthread_create exist failed with the following output:
Change Dir: /home/alobach/catkin_ws/src/anro/build/CMakeFiles/CMakeTmp

Run Build Command:"/usr/bin/make" "cmTC_952ce/fast"
/usr/bin/make -f CMakeFiles/cmTC_952ce.dir/build.make CMakeFiles/cmTC_952ce.dir/build
make[1]: Wejście do katalogu '/home/alobach/catkin_ws/src/anro/build/CMakeFiles/CMakeTmp'
Building C object CMakeFiles/cmTC_952ce.dir/CheckSymbolExists.c.o
/usr/bin/cc     -o CMakeFiles/cmTC_952ce.dir/CheckSymbolExists.c.o   -c /home/alobach/catkin_ws/src/anro/build/CMakeFiles/CMakeTmp/CheckSymbolExists.c
Linking C executable cmTC_952ce
/usr/bin/cmake -E cmake_link_script CMakeFiles/cmTC_952ce.dir/link.txt --verbose=1
/usr/bin/cc       CMakeFiles/cmTC_952ce.dir/CheckSymbolExists.c.o  -o cmTC_952ce -rdynamic 
CMakeFiles/cmTC_952ce.dir/CheckSymbolExists.c.o: In function `main':
CheckSymbolExists.c:(.text+0x16): undefined reference to `pthread_create'
collect2: error: ld returned 1 exit status
CMakeFiles/cmTC_952ce.dir/build.make:97: polecenia dla obiektu 'cmTC_952ce' nie powiodły się
make[1]: *** [cmTC_952ce] Błąd 1
make[1]: Opuszczenie katalogu '/home/alobach/catkin_ws/src/anro/build/CMakeFiles/CMakeTmp'
Makefile:126: polecenia dla obiektu 'cmTC_952ce/fast' nie powiodły się
make: *** [cmTC_952ce/fast] Błąd 2

File /home/alobach/catkin_ws/src/anro/build/CMakeFiles/CMakeTmp/CheckSymbolExists.c:
/* */
#include <pthread.h>

int main(int argc, char** argv)
{
  (void)argv;
#ifndef pthread_create
  return ((int*)(&pthread_create))[argc];
#else
  (void)argc;
  return 0;
#endif
}

Determining if the function pthread_create exists in the pthreads failed with the following output:
Change Dir: /home/alobach/catkin_ws/src/anro/build/CMakeFiles/CMakeTmp

Run Build Command:"/usr/bin/make" "cmTC_8e643/fast"
/usr/bin/make -f CMakeFiles/cmTC_8e643.dir/build.make CMakeFiles/cmTC_8e643.dir/build
make[1]: Wejście do katalogu '/home/alobach/catkin_ws/src/anro/build/CMakeFiles/CMakeTmp'
Building C object CMakeFiles/cmTC_8e643.dir/CheckFunctionExists.c.o
/usr/bin/cc    -DCHECK_FUNCTION_EXISTS=pthread_create   -o CMakeFiles/cmTC_8e643.dir/CheckFunctionExists.c.o   -c /usr/share/cmake-3.5/Modules/CheckFunctionExists.c
Linking C executable cmTC_8e643
/usr/bin/cmake -E cmake_link_script CMakeFiles/cmTC_8e643.dir/link.txt --verbose=1
/usr/bin/cc   -DCHECK_FUNCTION_EXISTS=pthread_create    CMakeFiles/cmTC_8e643.dir/CheckFunctionExists.c.o  -o cmTC_8e643 -rdynamic -lpthreads 
/usr/bin/ld: cannot find -lpthreads
collect2: error: ld returned 1 exit status
CMakeFiles/cmTC_8e643.dir/build.make:97: polecenia dla obiektu 'cmTC_8e643' nie powiodły się
make[1]: *** [cmTC_8e643] Błąd 1
make[1]: Opuszczenie katalogu '/home/alobach/catkin_ws/src/anro/build/CMakeFiles/CMakeTmp'
Makefile:126: polecenia dla obiektu 'cmTC_8e643/fast' nie powiodły się
make: *** [cmTC_8e643/fast] Błąd 2


